<?xml version="1.0" encoding="UTF-8"?>
<!-- Generated by org.testng.reporters.JUnitXMLReporter -->
<testsuite ignored="3" hostname="MAMATHA" failures="0" tests="1" name="Default test" time="10.697" errors="0" timestamp="2023-05-18T00:15:36 IST">
  <testcase classname="com.CambriaProject.qa.testcases.ClientAdd" name="AddClientDetail" time="2.549"/>
  <testcase classname="com.CambriaProject.qa.testcases.ClientAdd" name="Clientbutton" time="0.0">
    <ignored/>
  </testcase> <!-- Clientbutton -->
  <testcase classname="com.CambriaProject.qa.testcases.ClientAdd" name="AddClient" time="0.0">
    <ignored/>
  </testcase> <!-- AddClient -->
  <testcase classname="com.CambriaProject.qa.testcases.ClientAdd" name="AddClientDetail1" time="0.0">
    <ignored/>
  </testcase> <!-- AddClientDetail1 -->
</testsuite> <!-- Default test -->
