<?xml version="1.0" encoding="UTF-8"?>
<testng-results ignored="3" total="4" passed="1" failed="0" skipped="0">
  <reporter-output>
  </reporter-output>
  <suite started-at="2023-05-18T00:15:26 IST" name="Default suite" finished-at="2023-05-18T00:15:36 IST" duration-ms="10697">
    <groups>
    </groups>
    <test started-at="2023-05-18T00:15:26 IST" name="Default test" finished-at="2023-05-18T00:15:36 IST" duration-ms="10697">
      <class name="com.CambriaProject.qa.testcases.ClientAdd">
        <test-method is-config="true" signature="StartLogging()[pri:0, instance:com.CambriaProject.qa.testcases.ClientAdd@dd8ba08]" started-at="2023-05-18T00:15:26 IST" name="StartLogging" finished-at="2023-05-18T00:15:33 IST" duration-ms="7612" status="PASS">
          <reporter-output>
          </reporter-output>
        </test-method> <!-- StartLogging -->
        <test-method signature="AddClientDetail()[pri:3, instance:com.CambriaProject.qa.testcases.ClientAdd@dd8ba08]" started-at="2023-05-18T00:15:33 IST" name="AddClientDetail" finished-at="2023-05-18T00:15:36 IST" duration-ms="2549" status="PASS">
          <reporter-output>
          </reporter-output>
        </test-method> <!-- AddClientDetail -->
        <test-method is-config="true" signature="Endaction()[pri:0, instance:com.CambriaProject.qa.testcases.ClientAdd@dd8ba08]" started-at="2023-05-18T00:15:36 IST" name="Endaction" finished-at="2023-05-18T00:15:36 IST" duration-ms="453" status="PASS">
          <reporter-output>
          </reporter-output>
        </test-method> <!-- Endaction -->
      </class> <!-- com.CambriaProject.qa.testcases.ClientAdd -->
    </test> <!-- Default test -->
  </suite> <!-- Default suite -->
</testng-results>
